Arguments: 
  /Users/ken/.nvm/versions/node/v15.5.0/bin/node /usr/local/Cellar/yarn/1.22.10/libexec/bin/yarn.js

PATH: 
  /Users/ken/.nvm/versions/node/v15.5.0/bin:/Users/ken/.local/bin:/Users/ken/bin:/Users/ken/.local/bin:/usr/local/bin:/usr/local/bin:/usr/bin:/bin:/usr/sbin:/sbin:/usr/local/MacGPG2/bin:/Library/Apple/usr/bin:/Applications/Wireshark.app/Contents/MacOS:/Users/ken/.nvm/versions/node/v15.5.0/bin:/Users/ken/.local/bin:/Users/ken/bin:/usr/local/aws/bin:/user/local/lib/node_modules:/Users/ken/.cargo/bin:/usr/local/itms/bin:/usr/local/aws/bin:/user/local/lib/node_modules:/Users/ken/.cargo/bin:/usr/local/itms/bin

Yarn version: 
  1.22.10

Node version: 
  15.5.0

Platform: 
  darwin x64

Trace: 
  SyntaxError: /Volumes/Coding/inocan/open-source/do-devops/package.json: Unexpected token < in JSON at position 2013
      at JSON.parse (<anonymous>)
      at /usr/local/Cellar/yarn/1.22.10/libexec/lib/cli.js:1625:59
      at Generator.next (<anonymous>)
      at step (/usr/local/Cellar/yarn/1.22.10/libexec/lib/cli.js:310:30)
      at /usr/local/Cellar/yarn/1.22.10/libexec/lib/cli.js:321:13

npm manifest: 
  {
    "name": "dd",
    "version": "0.12.2",
    "description": "Devops commands for your nodejs and serverless projects",
    "keywords": [
      "devops",
      "nodejs",
      "serverless",
      "aws"
    ],
    "homepage": "https://github.com/inocan-group/devops#readme",
    "bugs": {
      "url": "https://github.com/inocan-group/devops/issues"
    },
    "repository": {
      "type": "git",
      "url": "git+https://github.com/inocan-group/devops.git"
    },
    "license": "MIT",
    "author": "Ken Snyder",
    "main": "./bin/index.js",
    "typings": "./bin/index.d.ts",
    "bin": {
      "dd": "./bin/dd.js",
      "do": "./bin/dd.js"
    },
    "files": [
      "bin",
      "templates"
    ],
    "scripts": {
      "build": "run-s lint clean build:bundle",
      "build:bundle": "ttsc -p tsconfig.build.json && chmod +x bin/dd.js",
      "circular": "yarn madge src --extensions ts --circular",
      "clean": "rimraf src/**/*.js && rimraf bin",
      "dd": "./bin/dd.js",
      "prepublish": "yarn lint",
      "leaves": "yarn madge src --extensions ts --leaves",
      "lint": "run-s lint:*",
      "lint:src": "yarn eslint src/**/*.ts --fix ",
      "lint:test": "yarn eslint test/**/*.ts --fix",
      "lint:tsc": "yarn tsc --noEmit",
      "orphans": "yarn madge src --extensions ts --orphans",
      "summary": "yarn madge src --extensions ts --summary",
      "test": "jest",
      "visualize": "yarn madge src --extensions ts -i /tmp/dep-ts-visualize.png && open /tmp/dep-ts-visualize.png",
      "visualize:js": "yarn madge bin --extensions js -i /tmp/dep-js-visualize.png && open /tmp/dep-js-visualize.png",
      "warnings": "yarn madge src --extensions ts --warnings",
      "watch": "run-p watch:*",
      "watch:autoindex": "yarn dd autoindex -w",
      "watch:build": "ttsc -w"
    },
    "dependencies": {
      "ast-types": "^0.14.2",
      "async-shelljs": "^0.1.3",
      "aws-sdk": "2",
      "aws-ssm": "^0.3.13",
      "bestzip": "^2.2.0",
      "callsites": "^3.1.0",
      "chalk": "^4.0.0",
      "chokidar": "^3.5.1",
      "command-line-args": "^5.1.1",
      "command-line-usage": "^6.1.1",
  <<<<<<< HEAD
      "common-types": "^1.25.2",
  =======
      "common-types": "^1.26.2",
  >>>>>>> develop
      "date-fns": "^2.21.0",
      "deepmerge": "^4.2.2",
      "destr": "^1.1.0",
      "diff": "^5.0.0",
      "find-up": "^5.0.0",
      "globby": "^11.0.0",
      "inferred-types": "^0.3.0",
      "inquirer": "8.0.0",
      "js-yaml": "^4.1.0",
      "matcher": "^4.0.0",
      "native-dash": "^1.16.2",
      "play-sound": "^1.1.3",
      "pnpm": "^6.9.1",
      "recast": "^0.20.4",
      "sharp": "^0.28.3",
      "shift-parser": "^7.0.3",
      "simple-git": "^2.12.0",
      "table": "^6.6.0",
      "typed-mapper": "^0.4.1",
      "webpack": "^4.46.0"
    },
    "optionalDependencies": {},
    "devDependencies": {
      "@types/aws-sdk": "2",
      "@types/command-line-args": "^5.0.0",
      "@types/command-line-usage": "^5.0.1",
      "@types/diff": "^5.0.0",
      "@types/exif": "^0.6.2",
      "@types/globby": "^9.1.0",
      "@types/inquirer": "^7.3.1",
      "@types/jest": "^26.0.23",
      "@types/js-yaml": "^4.0.0",
      "@types/node": "^14",
      "@types/sharp": "^0.28.3",
      "@types/webpack": "^4.41.27",
      "@typescript-eslint/eslint-plugin": "^4.14.1",
      "@typescript-eslint/parser": "^4.14.1",
      "eslint": "^7.23.0",
      "eslint-config-prettier": "^8.3.0",
      "eslint-plugin-import": "^2.22.1",
      "eslint-plugin-prettier": "^3.3.1",
      "eslint-plugin-promise": "^5.1.0",
      "eslint-plugin-unicorn": "^31.0.0",
      "jest": "^26.6.3",
      "jest-extended": "^0.11.5",
      "madge": "^4.0.2",
      "npm-run-all": "^4.1.5",
      "prettier": "^2.2.1",
      "rimraf": "^3.0.2",
      "ts-jest": "^26.5.5",
      "ts-node": "^9.1.1",
      "ttypescript": "^1.5.12",
      "typescript": "^4.2.2",
      "typescript-transform-paths": "2.2.1"
    }
  }

yarn manifest: 
  No manifest

Lockfile: 
  No lockfile
